[WARN] [ros2bag]: Positional "topics" argument deprecated. Please use optional "--topics" argument instead.
stdin is not a terminal device. Keyboard handling disabled.[INFO] [1784093348.952942845] [rosbag2_recorder]: Press SPACE for pausing/resuming
[INFO] [1784093348.952971567] [rosbag2_recorder]: Event publisher thread: Started
[INFO] [1784093349.296671318] [rosbag2_recorder]: Starting recording to '/stage4s/artifacts/stage4s_motion_20260715_052745/motion_calibration_bag'
[INFO] [1784093350.907629600] [rosbag2_recorder]: Subscribed to topic '/tf_static'
[INFO] [1784093351.426177205] [rosbag2_recorder]: Subscribed to topic '/odom/unfiltered'
[INFO] [1784093351.527240378] [rosbag2_recorder]: Subscribed to topic '/odom'
[INFO] [1784093351.742854273] [rosbag2_recorder]: Subscribed to topic '/joint_states'
[INFO] [1784093351.864774354] [rosbag2_recorder]: Subscribed to topic '/imu/data'
[INFO] [1784093351.939426419] [rosbag2_recorder]: Subscribed to topic '/ground_truth/model_odom_raw'
[INFO] [1784093352.070983384] [rosbag2_recorder]: Subscribed to topic '/ground_truth/identity_valid'
[INFO] [1784093352.238917970] [rosbag2_recorder]: Subscribed to topic '/cmd_vel'
[INFO] [1784093352.313180529] [rosbag2_recorder]: Subscribed to topic '/tf'
[INFO] [1784093352.383925731] [rosbag2_recorder]: Subscribed to topic '/ground_truth/odom'
[INFO] [1784093352.561748895] [rosbag2_recorder]: Subscribed to topic '/clock'
[INFO] [1784093352.562889447] [rosbag2_recorder]: Listening for topics...
[INFO] [1784093352.564601744] [rosbag2_recorder]: Recording...
[INFO] [1784093352.562966294] [rosbag2_recorder]: Topics discovery started.
[INFO] [1784093353.841190605] [rosbag2_recorder]: Subscribed to topic '/calibration/segment_marker'
[INFO] [1784093353.912408931] [rosbag2_recorder]: Subscribed to topic '/cmd_vel_gate'
[INFO] [1784093353.912602365] [rosbag2_recorder]: All requested topics are subscribed. Stopping discovery...
[INFO] [1784093353.912769977] [rosbag2_recorder]: Topics discovery stopped.
[INFO] [1784093907.495719662] [rosbag2_recorder]: Pausing recording.
[INFO] [1784093907.496515144] [rosbag2_cpp]: Writing remaining messages from cache to the bag. It may take a while
[INFO] [1784093907.583267009] [rosbag2_recorder]: Recording stopped
[INFO] [1784093907.590695075] [rosbag2_recorder]: Event publisher thread: Exited
