[WARN] [ros2bag]: Positional "topics" argument deprecated. Please use optional "--topics" argument instead.
stdin is not a terminal device. Keyboard handling disabled.[INFO] [1784098527.741690294] [rosbag2_recorder]: Press SPACE for pausing/resuming
[INFO] [1784098527.741700791] [rosbag2_recorder]: Event publisher thread: Started
[INFO] [1784098527.748805198] [rosbag2_recorder]: Starting recording to '/stage4s/artifacts/stage4s_motion_20260715_065404/motion_calibration_bag'
[INFO] [1784098529.245335764] [rosbag2_recorder]: Subscribed to topic '/tf_static'
[INFO] [1784098529.654300131] [rosbag2_recorder]: Subscribed to topic '/odom/unfiltered'
[INFO] [1784098529.716156497] [rosbag2_recorder]: Subscribed to topic '/odom'
[INFO] [1784098529.872107033] [rosbag2_recorder]: Subscribed to topic '/joint_states'
[INFO] [1784098529.998321973] [rosbag2_recorder]: Subscribed to topic '/imu/data'
[INFO] [1784098530.072497261] [rosbag2_recorder]: Subscribed to topic '/ground_truth/model_odom_raw'
[INFO] [1784098530.211210321] [rosbag2_recorder]: Subscribed to topic '/ground_truth/identity_valid'
[INFO] [1784098530.357490889] [rosbag2_recorder]: Subscribed to topic '/cmd_vel'
[INFO] [1784098530.431476932] [rosbag2_recorder]: Subscribed to topic '/tf'
[INFO] [1784098530.502797518] [rosbag2_recorder]: Subscribed to topic '/ground_truth/odom'
[INFO] [1784098530.650075471] [rosbag2_recorder]: Subscribed to topic '/clock'
[INFO] [1784098530.650378594] [rosbag2_recorder]: Listening for topics...
[INFO] [1784098530.650530952] [rosbag2_recorder]: Recording...
[INFO] [1784098530.650413983] [rosbag2_recorder]: Topics discovery started.
[INFO] [1784098531.669471822] [rosbag2_recorder]: Subscribed to topic '/calibration/segment_marker'
[INFO] [1784098531.746204894] [rosbag2_recorder]: Subscribed to topic '/cmd_vel_gate'
[INFO] [1784098531.746397885] [rosbag2_recorder]: All requested topics are subscribed. Stopping discovery...
[INFO] [1784098531.746587787] [rosbag2_recorder]: Topics discovery stopped.
[INFO] [1784099095.045412250] [rosbag2_recorder]: Pausing recording.
[INFO] [1784099095.045759545] [rosbag2_cpp]: Writing remaining messages from cache to the bag. It may take a while
[INFO] [1784099095.076810794] [rosbag2_recorder]: Recording stopped
[INFO] [1784099095.080210497] [rosbag2_recorder]: Event publisher thread: Exited
