Starting >>> sanitation_safety
Starting >>> sanitation_tasks
Starting >>> sanitation_coverage
running develop
running develop
running develop
running egg_info
writing sanitation_safety.egg-info/PKG-INFO
writing dependency_links to sanitation_safety.egg-info/dependency_links.txt
writing entry points to sanitation_safety.egg-info/entry_points.txt
writing requirements to sanitation_safety.egg-info/requires.txt
writing top-level names to sanitation_safety.egg-info/top_level.txt
running egg_info
writing sanitation_tasks.egg-info/PKG-INFO
writing dependency_links to sanitation_tasks.egg-info/dependency_links.txt
writing entry points to sanitation_tasks.egg-info/entry_points.txt
writing requirements to sanitation_tasks.egg-info/requires.txt
writing top-level names to sanitation_tasks.egg-info/top_level.txt
reading manifest file 'sanitation_safety.egg-info/SOURCES.txt'
writing manifest file 'sanitation_safety.egg-info/SOURCES.txt'
reading manifest file 'sanitation_tasks.egg-info/SOURCES.txt'
running build_ext
Creating /work/.work/stage1_20260714_154523/install/sanitation_safety/lib/python3.12/site-packages/sanitation-safety.egg-link (link to .)
Installing velocity_gate script to /work/.work/stage1_20260714_154523/install/sanitation_safety/lib/sanitation_safety

Installed /work/.work/stage1_20260714_154523/build/sanitation_safety
running symlink_data
writing manifest file 'sanitation_tasks.egg-info/SOURCES.txt'
Finished <<< sanitation_safety [15.2s]
Starting >>> sanitation_navigation
running build_ext
Creating /work/.work/stage1_20260714_154523/install/sanitation_tasks/lib/python3.12/site-packages/sanitation-tasks.egg-link (link to .)
Installing sanitation_navigation_probe script to /work/.work/stage1_20260714_154523/install/sanitation_tasks/lib/sanitation_tasks
Installing sanitation_runtime_probe script to /work/.work/stage1_20260714_154523/install/sanitation_tasks/lib/sanitation_tasks
Installing sanitation_safety_probe script to /work/.work/stage1_20260714_154523/install/sanitation_tasks/lib/sanitation_tasks
Installing sanitation_smoke_check script to /work/.work/stage1_20260714_154523/install/sanitation_tasks/lib/sanitation_tasks

Installed /work/.work/stage1_20260714_154523/build/sanitation_tasks
running symlink_data
running egg_info
writing sanitation_coverage.egg-info/PKG-INFO
writing dependency_links to sanitation_coverage.egg-info/dependency_links.txt
writing entry points to sanitation_coverage.egg-info/entry_points.txt
writing requirements to sanitation_coverage.egg-info/requires.txt
writing top-level names to sanitation_coverage.egg-info/top_level.txt
reading manifest file 'sanitation_coverage.egg-info/SOURCES.txt'
writing manifest file 'sanitation_coverage.egg-info/SOURCES.txt'
Finished <<< sanitation_tasks [15.5s]
running build_ext
Creating /work/.work/stage1_20260714_154523/install/sanitation_coverage/lib/python3.12/site-packages/sanitation-coverage.egg-link (link to .)
Installing coverage_probe script to /work/.work/stage1_20260714_154523/install/sanitation_coverage/lib/sanitation_coverage

Installed /work/.work/stage1_20260714_154523/build/sanitation_coverage
running symlink_data
Finished <<< sanitation_coverage [15.5s]
-- Install configuration: ""
-- Execute custom install script
-- Up-to-date symlink: /work/.work/stage1_20260714_154523/install/sanitation_navigation/share/sanitation_navigation/config/nav2.yaml
-- Up-to-date symlink: /work/.work/stage1_20260714_154523/install/sanitation_navigation/share/sanitation_navigation/config/slam.yaml
-- Up-to-date symlink: /work/.work/stage1_20260714_154523/install/sanitation_navigation/share/sanitation_navigation/launch/navigation.launch.py
-- Up-to-date symlink: /work/.work/stage1_20260714_154523/install/sanitation_navigation/share/sanitation_navigation/launch/slam.launch.py
-- Up-to-date symlink: /work/.work/stage1_20260714_154523/install/sanitation_navigation/share/sanitation_navigation/maps/sanitation_test_map.pgm
-- Up-to-date symlink: /work/.work/stage1_20260714_154523/install/sanitation_navigation/share/sanitation_navigation/maps/sanitation_test_map.yaml
-- Up-to-date symlink: /work/.work/stage1_20260714_154523/install/sanitation_navigation/share/ament_index/resource_index/package_run_dependencies/sanitation_navigation
-- Up-to-date symlink: /work/.work/stage1_20260714_154523/install/sanitation_navigation/share/ament_index/resource_index/parent_prefix_path/sanitation_navigation
-- Up-to-date symlink: /work/.work/stage1_20260714_154523/install/sanitation_navigation/share/sanitation_navigation/environment/ament_prefix_path.sh
-- Up-to-date symlink: /work/.work/stage1_20260714_154523/install/sanitation_navigation/share/sanitation_navigation/environment/ament_prefix_path.dsv
-- Up-to-date symlink: /work/.work/stage1_20260714_154523/install/sanitation_navigation/share/sanitation_navigation/environment/path.sh
-- Up-to-date symlink: /work/.work/stage1_20260714_154523/install/sanitation_navigation/share/sanitation_navigation/environment/path.dsv
-- Up-to-date symlink: /work/.work/stage1_20260714_154523/install/sanitation_navigation/share/sanitation_navigation/local_setup.bash
-- Up-to-date symlink: /work/.work/stage1_20260714_154523/install/sanitation_navigation/share/sanitation_navigation/local_setup.sh
-- Up-to-date symlink: /work/.work/stage1_20260714_154523/install/sanitation_navigation/share/sanitation_navigation/local_setup.zsh
-- Up-to-date symlink: /work/.work/stage1_20260714_154523/install/sanitation_navigation/share/sanitation_navigation/local_setup.dsv
-- Symlinking: /work/.work/stage1_20260714_154523/install/sanitation_navigation/share/sanitation_navigation/package.dsv
-- Up-to-date symlink: /work/.work/stage1_20260714_154523/install/sanitation_navigation/share/ament_index/resource_index/packages/sanitation_navigation
-- Up-to-date symlink: /work/.work/stage1_20260714_154523/install/sanitation_navigation/share/sanitation_navigation/cmake/sanitation_navigationConfig.cmake
-- Up-to-date symlink: /work/.work/stage1_20260714_154523/install/sanitation_navigation/share/sanitation_navigation/cmake/sanitation_navigationConfig-version.cmake
-- Up-to-date symlink: /work/.work/stage1_20260714_154523/install/sanitation_navigation/share/sanitation_navigation/package.xml
Finished <<< sanitation_navigation [3.41s]

Summary: 4 packages finished [20.1s]
