Starting >>> sanitation_worlds
Starting >>> sanitation_vehicle_description
Starting >>> sanitation_tasks
-- Install configuration: ""
-- Execute custom install script
-- Install configuration: ""
-- Execute custom install script
-- Up-to-date symlink: /work/.work/stage1_20260714_154523/install/sanitation_worlds/share/sanitation_worlds/worlds/sanitation_test_world.sdf
-- Up-to-date symlink: /work/.work/stage1_20260714_154523/install/sanitation_vehicle_description/share/sanitation_vehicle_description/launch/display.launch.py
-- Up-to-date symlink: /work/.work/stage1_20260714_154523/install/sanitation_worlds/share/ament_index/resource_index/package_run_dependencies/sanitation_worlds
-- Up-to-date symlink: /work/.work/stage1_20260714_154523/install/sanitation_vehicle_description/share/sanitation_vehicle_description/urdf/sanitation_vehicle.urdf.xacro
-- Up-to-date symlink: /work/.work/stage1_20260714_154523/install/sanitation_vehicle_description/share/sanitation_vehicle_description/rviz/.gitkeep
-- Up-to-date symlink: /work/.work/stage1_20260714_154523/install/sanitation_worlds/share/ament_index/resource_index/parent_prefix_path/sanitation_worlds
-- Up-to-date symlink: /work/.work/stage1_20260714_154523/install/sanitation_worlds/share/sanitation_worlds/environment/ament_prefix_path.sh
-- Up-to-date symlink: /work/.work/stage1_20260714_154523/install/sanitation_worlds/share/sanitation_worlds/environment/ament_prefix_path.dsv
-- Up-to-date symlink: /work/.work/stage1_20260714_154523/install/sanitation_vehicle_description/share/ament_index/resource_index/package_run_dependencies/sanitation_vehicle_description
-- Up-to-date symlink: /work/.work/stage1_20260714_154523/install/sanitation_worlds/share/sanitation_worlds/environment/path.sh
-- Up-to-date symlink: /work/.work/stage1_20260714_154523/install/sanitation_worlds/share/sanitation_worlds/environment/path.dsv
-- Up-to-date symlink: /work/.work/stage1_20260714_154523/install/sanitation_vehicle_description/share/ament_index/resource_index/parent_prefix_path/sanitation_vehicle_description
-- Up-to-date symlink: /work/.work/stage1_20260714_154523/install/sanitation_worlds/share/sanitation_worlds/local_setup.bash
-- Up-to-date symlink: /work/.work/stage1_20260714_154523/install/sanitation_vehicle_description/share/sanitation_vehicle_description/environment/ament_prefix_path.sh
-- Up-to-date symlink: /work/.work/stage1_20260714_154523/install/sanitation_worlds/share/sanitation_worlds/local_setup.sh
-- Up-to-date symlink: /work/.work/stage1_20260714_154523/install/sanitation_vehicle_description/share/sanitation_vehicle_description/environment/ament_prefix_path.dsv
-- Up-to-date symlink: /work/.work/stage1_20260714_154523/install/sanitation_worlds/share/sanitation_worlds/local_setup.zsh
-- Up-to-date symlink: /work/.work/stage1_20260714_154523/install/sanitation_vehicle_description/share/sanitation_vehicle_description/environment/path.sh
-- Up-to-date symlink: /work/.work/stage1_20260714_154523/install/sanitation_worlds/share/sanitation_worlds/local_setup.dsv
-- Symlinking: /work/.work/stage1_20260714_154523/install/sanitation_worlds/share/sanitation_worlds/package.dsv
-- Up-to-date symlink: /work/.work/stage1_20260714_154523/install/sanitation_vehicle_description/share/sanitation_vehicle_description/environment/path.dsv
-- Up-to-date symlink: /work/.work/stage1_20260714_154523/install/sanitation_vehicle_description/share/sanitation_vehicle_description/local_setup.bash
-- Up-to-date symlink: /work/.work/stage1_20260714_154523/install/sanitation_vehicle_description/share/sanitation_vehicle_description/local_setup.sh
-- Up-to-date symlink: /work/.work/stage1_20260714_154523/install/sanitation_vehicle_description/share/sanitation_vehicle_description/local_setup.zsh
-- Up-to-date symlink: /work/.work/stage1_20260714_154523/install/sanitation_vehicle_description/share/sanitation_vehicle_description/local_setup.dsv
-- Symlinking: /work/.work/stage1_20260714_154523/install/sanitation_vehicle_description/share/sanitation_vehicle_description/package.dsv
-- Up-to-date symlink: /work/.work/stage1_20260714_154523/install/sanitation_worlds/share/ament_index/resource_index/packages/sanitation_worlds
-- Up-to-date symlink: /work/.work/stage1_20260714_154523/install/sanitation_worlds/share/sanitation_worlds/cmake/sanitation_worldsConfig.cmake
-- Up-to-date symlink: /work/.work/stage1_20260714_154523/install/sanitation_worlds/share/sanitation_worlds/cmake/sanitation_worldsConfig-version.cmake
-- Up-to-date symlink: /work/.work/stage1_20260714_154523/install/sanitation_worlds/share/sanitation_worlds/package.xml
Finished <<< sanitation_worlds [4.19s]
-- Up-to-date symlink: /work/.work/stage1_20260714_154523/install/sanitation_vehicle_description/share/ament_index/resource_index/packages/sanitation_vehicle_description
-- Up-to-date symlink: /work/.work/stage1_20260714_154523/install/sanitation_vehicle_description/share/sanitation_vehicle_description/cmake/sanitation_vehicle_descriptionConfig.cmake
-- Up-to-date symlink: /work/.work/stage1_20260714_154523/install/sanitation_vehicle_description/share/sanitation_vehicle_description/cmake/sanitation_vehicle_descriptionConfig-version.cmake
-- Up-to-date symlink: /work/.work/stage1_20260714_154523/install/sanitation_vehicle_description/share/sanitation_vehicle_description/package.xml
Finished <<< sanitation_vehicle_description [4.64s]
Starting >>> sanitation_bringup
-- Install configuration: ""
-- Execute custom install script
-- Up-to-date symlink: /work/.work/stage1_20260714_154523/install/sanitation_bringup/share/sanitation_bringup/launch/sim.launch.py
-- Up-to-date symlink: /work/.work/stage1_20260714_154523/install/sanitation_bringup/share/sanitation_bringup/config/.gitkeep
-- Up-to-date symlink: /work/.work/stage1_20260714_154523/install/sanitation_bringup/share/ament_index/resource_index/package_run_dependencies/sanitation_bringup
-- Up-to-date symlink: /work/.work/stage1_20260714_154523/install/sanitation_bringup/share/ament_index/resource_index/parent_prefix_path/sanitation_bringup
-- Up-to-date symlink: /work/.work/stage1_20260714_154523/install/sanitation_bringup/share/sanitation_bringup/environment/ament_prefix_path.sh
-- Up-to-date symlink: /work/.work/stage1_20260714_154523/install/sanitation_bringup/share/sanitation_bringup/environment/ament_prefix_path.dsv
-- Up-to-date symlink: /work/.work/stage1_20260714_154523/install/sanitation_bringup/share/sanitation_bringup/environment/path.sh
-- Up-to-date symlink: /work/.work/stage1_20260714_154523/install/sanitation_bringup/share/sanitation_bringup/environment/path.dsv
-- Up-to-date symlink: /work/.work/stage1_20260714_154523/install/sanitation_bringup/share/sanitation_bringup/local_setup.bash
-- Up-to-date symlink: /work/.work/stage1_20260714_154523/install/sanitation_bringup/share/sanitation_bringup/local_setup.sh
-- Up-to-date symlink: /work/.work/stage1_20260714_154523/install/sanitation_bringup/share/sanitation_bringup/local_setup.zsh
-- Up-to-date symlink: /work/.work/stage1_20260714_154523/install/sanitation_bringup/share/sanitation_bringup/local_setup.dsv
-- Symlinking: /work/.work/stage1_20260714_154523/install/sanitation_bringup/share/sanitation_bringup/package.dsv
-- Up-to-date symlink: /work/.work/stage1_20260714_154523/install/sanitation_bringup/share/ament_index/resource_index/packages/sanitation_bringup
-- Up-to-date symlink: /work/.work/stage1_20260714_154523/install/sanitation_bringup/share/sanitation_bringup/cmake/sanitation_bringupConfig.cmake
-- Up-to-date symlink: /work/.work/stage1_20260714_154523/install/sanitation_bringup/share/sanitation_bringup/cmake/sanitation_bringupConfig-version.cmake
-- Up-to-date symlink: /work/.work/stage1_20260714_154523/install/sanitation_bringup/share/sanitation_bringup/package.xml
Finished <<< sanitation_bringup [3.47s]
running develop
running egg_info
writing sanitation_tasks.egg-info/PKG-INFO
writing dependency_links to sanitation_tasks.egg-info/dependency_links.txt
writing entry points to sanitation_tasks.egg-info/entry_points.txt
writing requirements to sanitation_tasks.egg-info/requires.txt
writing top-level names to sanitation_tasks.egg-info/top_level.txt
reading manifest file 'sanitation_tasks.egg-info/SOURCES.txt'
writing manifest file 'sanitation_tasks.egg-info/SOURCES.txt'
running build_ext
Creating /work/.work/stage1_20260714_154523/install/sanitation_tasks/lib/python3.12/site-packages/sanitation-tasks.egg-link (link to .)
Installing sanitation_runtime_probe script to /work/.work/stage1_20260714_154523/install/sanitation_tasks/lib/sanitation_tasks
Installing sanitation_smoke_check script to /work/.work/stage1_20260714_154523/install/sanitation_tasks/lib/sanitation_tasks

Installed /work/.work/stage1_20260714_154523/build/sanitation_tasks
running symlink_data
Finished <<< sanitation_tasks [9.70s]

Summary: 4 packages finished [11.0s]
