[INFO] [launch]: All log files can be found below /root/.ros/log/2026-07-14-16-34-40-134159-720e448b7d4c-118
[INFO] [launch]: Default logging verbosity is set to INFO
[INFO] [gazebo-1]: process started with pid [141]
[INFO] [robot_state_publisher-2]: process started with pid [142]
[INFO] [create-3]: process started with pid [143]
[INFO] [parameter_bridge-4]: process started with pid [144]
[INFO] [command_timeout-5]: process started with pid [145]
[INFO] [ekf_node-6]: process started with pid [146]
[create-3] [INFO] [1784046898.569596879] [ros_gz_sim]: Requesting list of world names.
[ekf_node-6] [INFO] [1784046898.675066895] [ekf_filter_node]: Waiting for clock to start...
[parameter_bridge-4] [INFO] [1784046898.764851809] [ros_gz_bridge]: Creating GZ->ROS Bridge: [/clock (gz.msgs.Clock) -> /clock (rosgraph_msgs/msg/Clock)] (Lazy 0)
[parameter_bridge-4] [INFO] [1784046898.780637308] [ros_gz_bridge]: Creating GZ->ROS Bridge: [/cmd_vel (gz.msgs.Twist) -> /cmd_vel (geometry_msgs/msg/Twist)] (Lazy 0)
[parameter_bridge-4] [INFO] [1784046898.809144320] [ros_gz_bridge]: Creating ROS->GZ Bridge: [/cmd_vel (geometry_msgs/msg/Twist) -> /cmd_vel (gz.msgs.Twist)] (Lazy 0)
[parameter_bridge-4] [INFO] [1784046898.809927700] [ros_gz_bridge]: Creating GZ->ROS Bridge: [/odom/unfiltered (gz.msgs.Odometry) -> /odom/unfiltered (nav_msgs/msg/Odometry)] (Lazy 0)
[parameter_bridge-4] [INFO] [1784046898.817113992] [ros_gz_bridge]: Creating GZ->ROS Bridge: [/imu/data (gz.msgs.IMU) -> /imu/data (sensor_msgs/msg/Imu)] (Lazy 0)
[parameter_bridge-4] [INFO] [1784046898.832978916] [ros_gz_bridge]: Creating GZ->ROS Bridge: [/joint_states (gz.msgs.Model) -> /joint_states (sensor_msgs/msg/JointState)] (Lazy 0)
[parameter_bridge-4] [INFO] [1784046898.833738468] [ros_gz_bridge]: Creating GZ->ROS Bridge: [/scan (gz.msgs.LaserScan) -> /scan (sensor_msgs/msg/LaserScan)] (Lazy 0)
[parameter_bridge-4] [INFO] [1784046898.834425662] [ros_gz_bridge]: Creating GZ->ROS Bridge: [/camera/camera_info (gz.msgs.CameraInfo) -> /camera/camera_info (sensor_msgs/msg/CameraInfo)] (Lazy 0)
[parameter_bridge-4] [INFO] [1784046898.835192654] [ros_gz_bridge]: Creating GZ->ROS Bridge: [/camera/image (gz.msgs.Image) -> /camera/image (sensor_msgs/msg/Image)] (Lazy 0)
[parameter_bridge-4] [INFO] [1784046898.835852372] [ros_gz_bridge]: Creating GZ->ROS Bridge: [/camera/depth_image (gz.msgs.Image) -> /camera/depth_image (sensor_msgs/msg/Image)] (Lazy 0)
[parameter_bridge-4] [INFO] [1784046898.836399062] [ros_gz_bridge]: Creating GZ->ROS Bridge: [/camera/points (gz.msgs.PointCloudPacked) -> /camera/points (sensor_msgs/msg/PointCloud2)] (Lazy 0)
[robot_state_publisher-2] [INFO] [1784046898.951901591] [robot_state_publisher]: Robot initialized
[create-3] [INFO] [1784046899.530651848] [ros_gz_sim]: Waiting messages on topic [robot_description].
[create-3] [INFO] [1784046899.541884590] [ros_gz_sim]: Entity creation successful.
[INFO] [create-3]: process has finished cleanly [pid 143]
[parameter_bridge-4] [INFO] [1784046902.498133723] [ros_gz_bridge]: Passing message from ROS geometry_msgs/msg/Twist to Gazebo gz.msgs.Twist (showing msg only once per type)
