[INFO] [launch]: All log files can be found below /root/.ros/log/2026-07-15-05-52-54-405407-7c52cc72c350-137
[INFO] [launch]: Default logging verbosity is set to INFO
[INFO] [gazebo-1]: process started with pid [189]
[INFO] [robot_state_publisher-2]: process started with pid [190]
[INFO] [create-3]: process started with pid [191]
[INFO] [parameter_bridge-4]: process started with pid [192]
[INFO] [sanitation_ground_truth_adapter-5]: process started with pid [193]
[INFO] [static_transform_publisher-6]: process started with pid [194]
[INFO] [ekf_node-7]: process started with pid [195]
[INFO] [velocity_gate-8]: process started with pid [196]
[static_transform_publisher-6] [INFO] [1784094833.743587301] [lidar_scoped_frame_bridge]: Spinning until stopped - publishing transform
[static_transform_publisher-6] translation: ('0.000000', '0.000000', '0.000000')
[static_transform_publisher-6] rotation: ('0.000000', '0.000000', '0.000000', '1.000000')
[static_transform_publisher-6] from 'laser' to 'sanitation_vehicle/base_footprint/sanitation_gpu_lidar'
[create-3] [INFO] [1784094833.751568729] [ros_gz_sim]: Requesting list of world names.
[ekf_node-7] [INFO] [1784094833.908782967] [ekf_filter_node]: Waiting for clock to start...
[parameter_bridge-4] [INFO] [1784094833.956481506] [ros_gz_bridge]: Creating GZ->ROS Bridge: [/clock (gz.msgs.Clock) -> /clock (rosgraph_msgs/msg/Clock)] (Lazy 0)
[parameter_bridge-4] [INFO] [1784094833.974136288] [ros_gz_bridge]: Creating GZ->ROS Bridge: [/cmd_vel (gz.msgs.Twist) -> /cmd_vel (geometry_msgs/msg/Twist)] (Lazy 0)
[parameter_bridge-4] [INFO] [1784094834.008395502] [ros_gz_bridge]: Creating ROS->GZ Bridge: [/cmd_vel (geometry_msgs/msg/Twist) -> /cmd_vel (gz.msgs.Twist)] (Lazy 0)
[parameter_bridge-4] [INFO] [1784094834.009605379] [ros_gz_bridge]: Creating GZ->ROS Bridge: [/odom/unfiltered (gz.msgs.Odometry) -> /odom/unfiltered (nav_msgs/msg/Odometry)] (Lazy 0)
[parameter_bridge-4] [INFO] [1784094834.038076211] [ros_gz_bridge]: Creating GZ->ROS Bridge: [/ground_truth/model_odom_raw (gz.msgs.Odometry) -> /ground_truth/model_odom_raw (nav_msgs/msg/Odometry)] (Lazy 0)
[parameter_bridge-4] [INFO] [1784094834.038861426] [ros_gz_bridge]: Creating GZ->ROS Bridge: [/imu/data (gz.msgs.IMU) -> /imu/data (sensor_msgs/msg/Imu)] (Lazy 0)
[parameter_bridge-4] [INFO] [1784094834.062139503] [ros_gz_bridge]: Creating GZ->ROS Bridge: [/joint_states (gz.msgs.Model) -> /joint_states (sensor_msgs/msg/JointState)] (Lazy 0)
[parameter_bridge-4] [INFO] [1784094834.063106667] [ros_gz_bridge]: Creating GZ->ROS Bridge: [/scan (gz.msgs.LaserScan) -> /scan (sensor_msgs/msg/LaserScan)] (Lazy 0)
[parameter_bridge-4] [INFO] [1784094834.063988634] [ros_gz_bridge]: Creating GZ->ROS Bridge: [/camera/camera_info (gz.msgs.CameraInfo) -> /camera/camera_info (sensor_msgs/msg/CameraInfo)] (Lazy 0)
[parameter_bridge-4] [INFO] [1784094834.065244468] [ros_gz_bridge]: Creating GZ->ROS Bridge: [/camera/image (gz.msgs.Image) -> /camera/image (sensor_msgs/msg/Image)] (Lazy 0)
[parameter_bridge-4] [INFO] [1784094834.066212339] [ros_gz_bridge]: Creating GZ->ROS Bridge: [/camera/depth_image (gz.msgs.Image) -> /camera/depth_image (sensor_msgs/msg/Image)] (Lazy 0)
[parameter_bridge-4] [INFO] [1784094834.067115043] [ros_gz_bridge]: Creating GZ->ROS Bridge: [/camera/points (gz.msgs.PointCloudPacked) -> /camera/points (sensor_msgs/msg/PointCloud2)] (Lazy 0)
[parameter_bridge-4] [INFO] [1784094834.067907671] [ros_gz_bridge]: Creating GZ->ROS Bridge: [/world/sanitation_test_world/dynamic_pose/info (gz.msgs.Pose_V) -> /world/sanitation_test_world/dynamic_pose/info (tf2_msgs/msg/TFMessage)] (Lazy 0)
[parameter_bridge-4] [INFO] [1784094834.103625052] [ros_gz_bridge]: Creating GZ->ROS Bridge: [/world_overview/image (gz.msgs.Image) -> /world_overview/image (sensor_msgs/msg/Image)] (Lazy 0)
[robot_state_publisher-2] [INFO] [1784094834.504712290] [robot_state_publisher]: Robot initialized
[create-3] [INFO] [1784094835.647512927] [ros_gz_sim]: Waiting messages on topic [robot_description].
[create-3] [INFO] [1784094835.659210719] [ros_gz_sim]: Entity creation successful.
[INFO] [create-3]: process has finished cleanly [pid 191]
[parameter_bridge-4] [INFO] [1784094838.031692247] [ros_gz_bridge]: Passing message from ROS geometry_msgs/msg/Twist to Gazebo gz.msgs.Twist (showing msg only once per type)
