[INFO] [launch]: All log files can be found below /root/.ros/log/2026-07-15-06-34-06-763682-a30332e70de4-846
[INFO] [launch]: Default logging verbosity is set to INFO
[INFO] [gazebo-1]: process started with pid [866]
[INFO] [robot_state_publisher-2]: process started with pid [867]
[INFO] [create-3]: process started with pid [868]
[INFO] [parameter_bridge-4]: process started with pid [869]
[INFO] [sanitation_ground_truth_adapter-5]: process started with pid [870]
[INFO] [static_transform_publisher-6]: process started with pid [871]
[INFO] [ekf_node-7]: process started with pid [872]
[INFO] [velocity_gate-8]: process started with pid [873]
[static_transform_publisher-6] [INFO] [1784097274.948824144] [lidar_scoped_frame_bridge]: Spinning until stopped - publishing transform
[static_transform_publisher-6] translation: ('0.000000', '0.000000', '0.000000')
[static_transform_publisher-6] rotation: ('0.000000', '0.000000', '0.000000', '1.000000')
[static_transform_publisher-6] from 'laser' to 'sanitation_vehicle/base_footprint/sanitation_gpu_lidar'
[create-3] [INFO] [1784097274.953258148] [ros_gz_sim]: Requesting list of world names.
[parameter_bridge-4] [INFO] [1784097274.973196357] [ros_gz_bridge]: Creating GZ->ROS Bridge: [/clock (gz.msgs.Clock) -> /clock (rosgraph_msgs/msg/Clock)] (Lazy 0)
[parameter_bridge-4] [INFO] [1784097274.983537130] [ros_gz_bridge]: Creating GZ->ROS Bridge: [/cmd_vel (gz.msgs.Twist) -> /cmd_vel (geometry_msgs/msg/Twist)] (Lazy 0)
[parameter_bridge-4] [INFO] [1784097275.001028481] [ros_gz_bridge]: Creating ROS->GZ Bridge: [/cmd_vel (geometry_msgs/msg/Twist) -> /cmd_vel (gz.msgs.Twist)] (Lazy 0)
[parameter_bridge-4] [INFO] [1784097275.001953145] [ros_gz_bridge]: Creating GZ->ROS Bridge: [/odom/unfiltered (gz.msgs.Odometry) -> /odom/unfiltered (nav_msgs/msg/Odometry)] (Lazy 0)
[parameter_bridge-4] [INFO] [1784097275.016142459] [ros_gz_bridge]: Creating GZ->ROS Bridge: [/ground_truth/model_odom_raw (gz.msgs.Odometry) -> /ground_truth/model_odom_raw (nav_msgs/msg/Odometry)] (Lazy 0)
[parameter_bridge-4] [INFO] [1784097275.017147395] [ros_gz_bridge]: Creating GZ->ROS Bridge: [/imu/data (gz.msgs.IMU) -> /imu/data (sensor_msgs/msg/Imu)] (Lazy 0)
[ekf_node-7] [INFO] [1784097275.022600188] [ekf_filter_node]: Waiting for clock to start...
[parameter_bridge-4] [INFO] [1784097275.036340250] [ros_gz_bridge]: Creating GZ->ROS Bridge: [/joint_states (gz.msgs.Model) -> /joint_states (sensor_msgs/msg/JointState)] (Lazy 0)
[parameter_bridge-4] [INFO] [1784097275.037234548] [ros_gz_bridge]: Creating GZ->ROS Bridge: [/scan (gz.msgs.LaserScan) -> /scan (sensor_msgs/msg/LaserScan)] (Lazy 0)
[parameter_bridge-4] [INFO] [1784097275.038046422] [ros_gz_bridge]: Creating GZ->ROS Bridge: [/camera/camera_info (gz.msgs.CameraInfo) -> /camera/camera_info (sensor_msgs/msg/CameraInfo)] (Lazy 0)
[parameter_bridge-4] [INFO] [1784097275.038901003] [ros_gz_bridge]: Creating GZ->ROS Bridge: [/camera/image (gz.msgs.Image) -> /camera/image (sensor_msgs/msg/Image)] (Lazy 0)
[parameter_bridge-4] [INFO] [1784097275.039745498] [ros_gz_bridge]: Creating GZ->ROS Bridge: [/camera/depth_image (gz.msgs.Image) -> /camera/depth_image (sensor_msgs/msg/Image)] (Lazy 0)
[parameter_bridge-4] [INFO] [1784097275.040524916] [ros_gz_bridge]: Creating GZ->ROS Bridge: [/camera/points (gz.msgs.PointCloudPacked) -> /camera/points (sensor_msgs/msg/PointCloud2)] (Lazy 0)
[parameter_bridge-4] [INFO] [1784097275.041370468] [ros_gz_bridge]: Creating GZ->ROS Bridge: [/world/sanitation_test_world/dynamic_pose/info (gz.msgs.Pose_V) -> /world/sanitation_test_world/dynamic_pose/info (tf2_msgs/msg/TFMessage)] (Lazy 0)
[parameter_bridge-4] [INFO] [1784097275.068877941] [ros_gz_bridge]: Creating GZ->ROS Bridge: [/world_overview/image (gz.msgs.Image) -> /world_overview/image (sensor_msgs/msg/Image)] (Lazy 0)
[robot_state_publisher-2] [INFO] [1784097275.531957577] [robot_state_publisher]: Robot initialized
[create-3] [INFO] [1784097275.875324032] [ros_gz_sim]: Waiting messages on topic [robot_description].
[create-3] [INFO] [1784097275.887100594] [ros_gz_sim]: Entity creation successful.
[INFO] [create-3]: process has finished cleanly [pid 868]
[parameter_bridge-4] [INFO] [1784097277.723676458] [ros_gz_bridge]: Passing message from ROS geometry_msgs/msg/Twist to Gazebo gz.msgs.Twist (showing msg only once per type)
[static_transform_publisher-6] [INFO] [1784097345.354925483] [rclcpp]: signal_handler(SIGINT/SIGTERM)
[parameter_bridge-4] [INFO] [1784097345.354957322] [rclcpp]: signal_handler(SIGINT/SIGTERM)
[ekf_node-7] [INFO] [1784097345.354964307] [rclcpp]: signal_handler(SIGINT/SIGTERM)
[robot_state_publisher-2] [INFO] [1784097345.355038389] [rclcpp]: signal_handler(SIGINT/SIGTERM)
[INFO] [gazebo-1]: process has finished cleanly [pid 866]
[INFO] [parameter_bridge-4]: process has finished cleanly [pid 869]
[INFO] [static_transform_publisher-6]: process has finished cleanly [pid 871]
[INFO] [robot_state_publisher-2]: process has finished cleanly [pid 867]
[INFO] [ekf_node-7]: process has finished cleanly [pid 872]
[INFO] [sanitation_ground_truth_adapter-5]: process has finished cleanly [pid 870]
[INFO] [velocity_gate-8]: process has finished cleanly [pid 873]
