[INFO] [launch]: All log files can be found below /root/.ros/log/2026-07-15-06-35-50-111612-a30332e70de4-1189
[INFO] [launch]: Default logging verbosity is set to INFO
[INFO] [gazebo-1]: process started with pid [1209]
[INFO] [robot_state_publisher-2]: process started with pid [1210]
[INFO] [create-3]: process started with pid [1211]
[INFO] [parameter_bridge-4]: process started with pid [1212]
[INFO] [sanitation_ground_truth_adapter-5]: process started with pid [1213]
[INFO] [static_transform_publisher-6]: process started with pid [1214]
[INFO] [ekf_node-7]: process started with pid [1215]
[INFO] [velocity_gate-8]: process started with pid [1216]
[create-3] [INFO] [1784097375.957703030] [ros_gz_sim]: Requesting list of world names.
[static_transform_publisher-6] [INFO] [1784097376.005331100] [lidar_scoped_frame_bridge]: Spinning until stopped - publishing transform
[static_transform_publisher-6] translation: ('0.000000', '0.000000', '0.000000')
[static_transform_publisher-6] rotation: ('0.000000', '0.000000', '0.000000', '1.000000')
[static_transform_publisher-6] from 'laser' to 'sanitation_vehicle/base_footprint/sanitation_gpu_lidar'
[ekf_node-7] [INFO] [1784097376.110307650] [ekf_filter_node]: Waiting for clock to start...
[parameter_bridge-4] [INFO] [1784097376.190831774] [ros_gz_bridge]: Creating GZ->ROS Bridge: [/clock (gz.msgs.Clock) -> /clock (rosgraph_msgs/msg/Clock)] (Lazy 0)
[parameter_bridge-4] [INFO] [1784097376.213480896] [ros_gz_bridge]: Creating GZ->ROS Bridge: [/cmd_vel (gz.msgs.Twist) -> /cmd_vel (geometry_msgs/msg/Twist)] (Lazy 0)
[parameter_bridge-4] [INFO] [1784097376.241265711] [ros_gz_bridge]: Creating ROS->GZ Bridge: [/cmd_vel (geometry_msgs/msg/Twist) -> /cmd_vel (gz.msgs.Twist)] (Lazy 0)
[parameter_bridge-4] [INFO] [1784097376.242169917] [ros_gz_bridge]: Creating GZ->ROS Bridge: [/odom/unfiltered (gz.msgs.Odometry) -> /odom/unfiltered (nav_msgs/msg/Odometry)] (Lazy 0)
[parameter_bridge-4] [INFO] [1784097376.262896426] [ros_gz_bridge]: Creating GZ->ROS Bridge: [/ground_truth/model_odom_raw (gz.msgs.Odometry) -> /ground_truth/model_odom_raw (nav_msgs/msg/Odometry)] (Lazy 0)
[parameter_bridge-4] [INFO] [1784097376.263624291] [ros_gz_bridge]: Creating GZ->ROS Bridge: [/imu/data (gz.msgs.IMU) -> /imu/data (sensor_msgs/msg/Imu)] (Lazy 0)
[parameter_bridge-4] [INFO] [1784097376.276886031] [ros_gz_bridge]: Creating GZ->ROS Bridge: [/joint_states (gz.msgs.Model) -> /joint_states (sensor_msgs/msg/JointState)] (Lazy 0)
[parameter_bridge-4] [INFO] [1784097376.277714345] [ros_gz_bridge]: Creating GZ->ROS Bridge: [/scan (gz.msgs.LaserScan) -> /scan (sensor_msgs/msg/LaserScan)] (Lazy 0)
[parameter_bridge-4] [INFO] [1784097376.278561508] [ros_gz_bridge]: Creating GZ->ROS Bridge: [/camera/camera_info (gz.msgs.CameraInfo) -> /camera/camera_info (sensor_msgs/msg/CameraInfo)] (Lazy 0)
[parameter_bridge-4] [INFO] [1784097376.279446182] [ros_gz_bridge]: Creating GZ->ROS Bridge: [/camera/image (gz.msgs.Image) -> /camera/image (sensor_msgs/msg/Image)] (Lazy 0)
[parameter_bridge-4] [INFO] [1784097376.280247396] [ros_gz_bridge]: Creating GZ->ROS Bridge: [/camera/depth_image (gz.msgs.Image) -> /camera/depth_image (sensor_msgs/msg/Image)] (Lazy 0)
[parameter_bridge-4] [INFO] [1784097376.280930975] [ros_gz_bridge]: Creating GZ->ROS Bridge: [/camera/points (gz.msgs.PointCloudPacked) -> /camera/points (sensor_msgs/msg/PointCloud2)] (Lazy 0)
[parameter_bridge-4] [INFO] [1784097376.281881502] [ros_gz_bridge]: Creating GZ->ROS Bridge: [/world/sanitation_test_world/dynamic_pose/info (gz.msgs.Pose_V) -> /world/sanitation_test_world/dynamic_pose/info (tf2_msgs/msg/TFMessage)] (Lazy 0)
[parameter_bridge-4] [INFO] [1784097376.304314662] [ros_gz_bridge]: Creating GZ->ROS Bridge: [/world_overview/image (gz.msgs.Image) -> /world_overview/image (sensor_msgs/msg/Image)] (Lazy 0)
[robot_state_publisher-2] [INFO] [1784097376.513802539] [robot_state_publisher]: Robot initialized
[create-3] [INFO] [1784097377.314349866] [ros_gz_sim]: Waiting messages on topic [robot_description].
[create-3] [INFO] [1784097377.325705012] [ros_gz_sim]: Entity creation successful.
[INFO] [create-3]: process has finished cleanly [pid 1211]
[parameter_bridge-4] [INFO] [1784097379.313883758] [ros_gz_bridge]: Passing message from ROS geometry_msgs/msg/Twist to Gazebo gz.msgs.Twist (showing msg only once per type)
[robot_state_publisher-2] [INFO] [1784097447.354279699] [rclcpp]: signal_handler(SIGINT/SIGTERM)
[static_transform_publisher-6] [INFO] [1784097447.354278004] [rclcpp]: signal_handler(SIGINT/SIGTERM)
[ekf_node-7] [INFO] [1784097447.354282651] [rclcpp]: signal_handler(SIGINT/SIGTERM)
[parameter_bridge-4] [INFO] [1784097447.354495147] [rclcpp]: signal_handler(SIGINT/SIGTERM)
[INFO] [gazebo-1]: process has finished cleanly [pid 1209]
[INFO] [parameter_bridge-4]: process has finished cleanly [pid 1212]
[INFO] [static_transform_publisher-6]: process has finished cleanly [pid 1214]
[INFO] [robot_state_publisher-2]: process has finished cleanly [pid 1210]
[INFO] [ekf_node-7]: process has finished cleanly [pid 1215]
[INFO] [velocity_gate-8]: process has finished cleanly [pid 1216]
[INFO] [sanitation_ground_truth_adapter-5]: process has finished cleanly [pid 1213]
