Get:1 https://mirrors.ustc.edu.cn/ros2/ubuntu noble InRelease [4676 B]
Get:2 https://mirrors.ustc.edu.cn/ubuntu noble InRelease [256 kB]
Get:3 https://mirrors.ustc.edu.cn/ubuntu noble-updates InRelease [126 kB]
Get:4 https://mirrors.ustc.edu.cn/ubuntu noble-backports InRelease [126 kB]
Get:5 https://mirrors.ustc.edu.cn/ros2/ubuntu noble/main amd64 Packages [1956 kB]
Get:6 https://mirrors.ustc.edu.cn/ubuntu noble/main amd64 Packages [1808 kB]
Get:7 https://mirrors.ustc.edu.cn/ubuntu noble/restricted amd64 Packages [117 kB]
Get:8 https://mirrors.ustc.edu.cn/ubuntu noble/multiverse amd64 Packages [331 kB]
Get:9 https://mirrors.ustc.edu.cn/ubuntu noble/universe amd64 Packages [19.3 MB]
Get:10 http://security.ubuntu.com/ubuntu noble-security InRelease [126 kB]
Get:11 https://mirrors.ustc.edu.cn/ubuntu noble-updates/multiverse amd64 Packages [49.5 kB]
Get:12 https://mirrors.ustc.edu.cn/ubuntu noble-updates/universe amd64 Packages [2112 kB]
Get:13 https://mirrors.ustc.edu.cn/ubuntu noble-updates/main amd64 Packages [1364 kB]
Get:14 https://mirrors.ustc.edu.cn/ubuntu noble-updates/restricted amd64 Packages [1530 kB]
Get:15 https://mirrors.ustc.edu.cn/ubuntu noble-backports/universe amd64 Packages [35.9 kB]
Get:16 https://mirrors.ustc.edu.cn/ubuntu noble-backports/main amd64 Packages [48.9 kB]
Get:17 https://mirrors.ustc.edu.cn/ubuntu noble-backports/multiverse amd64 Packages [671 B]
Get:18 http://security.ubuntu.com/ubuntu noble-security/restricted amd64 Packages [1422 kB]
Get:19 http://security.ubuntu.com/ubuntu noble-security/main amd64 Packages [1033 kB]
Get:20 http://security.ubuntu.com/ubuntu noble-security/universe amd64 Packages [1493 kB]
Get:21 http://security.ubuntu.com/ubuntu noble-security/multiverse amd64 Packages [43.8 kB]
Fetched 33.3 MB in 23s (1465 kB/s)
Reading package lists...
