[INFO] [launch]: All log files can be found below /root/.ros/log/2026-07-15-06-12-53-991122-2013e04e83e7-1527
[INFO] [launch]: Default logging verbosity is set to INFO
[INFO] [gazebo-1]: process started with pid [1547]
[INFO] [robot_state_publisher-2]: process started with pid [1548]
[INFO] [create-3]: process started with pid [1549]
[INFO] [parameter_bridge-4]: process started with pid [1550]
[INFO] [sanitation_ground_truth_adapter-5]: process started with pid [1551]
[INFO] [static_transform_publisher-6]: process started with pid [1552]
[INFO] [ekf_node-7]: process started with pid [1553]
[INFO] [velocity_gate-8]: process started with pid [1554]
[static_transform_publisher-6] [INFO] [1784096018.566691376] [lidar_scoped_frame_bridge]: Spinning until stopped - publishing transform
[static_transform_publisher-6] translation: ('0.000000', '0.000000', '0.000000')
[static_transform_publisher-6] rotation: ('0.000000', '0.000000', '0.000000', '1.000000')
[static_transform_publisher-6] from 'laser' to 'sanitation_vehicle/base_footprint/sanitation_gpu_lidar'
[create-3] [INFO] [1784096018.579558731] [ros_gz_sim]: Requesting list of world names.
[ekf_node-7] [INFO] [1784096018.763651755] [ekf_filter_node]: Waiting for clock to start...
[parameter_bridge-4] [INFO] [1784096018.851147259] [ros_gz_bridge]: Creating GZ->ROS Bridge: [/clock (gz.msgs.Clock) -> /clock (rosgraph_msgs/msg/Clock)] (Lazy 0)
[parameter_bridge-4] [INFO] [1784096018.903096562] [ros_gz_bridge]: Creating GZ->ROS Bridge: [/cmd_vel (gz.msgs.Twist) -> /cmd_vel (geometry_msgs/msg/Twist)] (Lazy 0)
[parameter_bridge-4] [INFO] [1784096018.929266536] [ros_gz_bridge]: Creating ROS->GZ Bridge: [/cmd_vel (geometry_msgs/msg/Twist) -> /cmd_vel (gz.msgs.Twist)] (Lazy 0)
[parameter_bridge-4] [INFO] [1784096018.930328420] [ros_gz_bridge]: Creating GZ->ROS Bridge: [/odom/unfiltered (gz.msgs.Odometry) -> /odom/unfiltered (nav_msgs/msg/Odometry)] (Lazy 0)
[parameter_bridge-4] [INFO] [1784096018.940480488] [ros_gz_bridge]: Creating GZ->ROS Bridge: [/ground_truth/model_odom_raw (gz.msgs.Odometry) -> /ground_truth/model_odom_raw (nav_msgs/msg/Odometry)] (Lazy 0)
[parameter_bridge-4] [INFO] [1784096018.941391856] [ros_gz_bridge]: Creating GZ->ROS Bridge: [/imu/data (gz.msgs.IMU) -> /imu/data (sensor_msgs/msg/Imu)] (Lazy 0)
[parameter_bridge-4] [INFO] [1784096018.953214773] [ros_gz_bridge]: Creating GZ->ROS Bridge: [/joint_states (gz.msgs.Model) -> /joint_states (sensor_msgs/msg/JointState)] (Lazy 0)
[parameter_bridge-4] [INFO] [1784096018.954207859] [ros_gz_bridge]: Creating GZ->ROS Bridge: [/scan (gz.msgs.LaserScan) -> /scan (sensor_msgs/msg/LaserScan)] (Lazy 0)
[parameter_bridge-4] [INFO] [1784096018.955096665] [ros_gz_bridge]: Creating GZ->ROS Bridge: [/camera/camera_info (gz.msgs.CameraInfo) -> /camera/camera_info (sensor_msgs/msg/CameraInfo)] (Lazy 0)
[parameter_bridge-4] [INFO] [1784096018.956083608] [ros_gz_bridge]: Creating GZ->ROS Bridge: [/camera/image (gz.msgs.Image) -> /camera/image (sensor_msgs/msg/Image)] (Lazy 0)
[parameter_bridge-4] [INFO] [1784096018.956964807] [ros_gz_bridge]: Creating GZ->ROS Bridge: [/camera/depth_image (gz.msgs.Image) -> /camera/depth_image (sensor_msgs/msg/Image)] (Lazy 0)
[parameter_bridge-4] [INFO] [1784096018.957700342] [ros_gz_bridge]: Creating GZ->ROS Bridge: [/camera/points (gz.msgs.PointCloudPacked) -> /camera/points (sensor_msgs/msg/PointCloud2)] (Lazy 0)
[parameter_bridge-4] [INFO] [1784096018.958649483] [ros_gz_bridge]: Creating GZ->ROS Bridge: [/world/sanitation_test_world/dynamic_pose/info (gz.msgs.Pose_V) -> /world/sanitation_test_world/dynamic_pose/info (tf2_msgs/msg/TFMessage)] (Lazy 0)
[parameter_bridge-4] [INFO] [1784096018.990741182] [ros_gz_bridge]: Creating GZ->ROS Bridge: [/world_overview/image (gz.msgs.Image) -> /world_overview/image (sensor_msgs/msg/Image)] (Lazy 0)
[robot_state_publisher-2] [INFO] [1784096019.310703809] [robot_state_publisher]: Robot initialized
[create-3] [INFO] [1784096019.946990265] [ros_gz_sim]: Waiting messages on topic [robot_description].
[create-3] [INFO] [1784096019.958808465] [ros_gz_sim]: Entity creation successful.
[INFO] [create-3]: process has finished cleanly [pid 1549]
[parameter_bridge-4] [INFO] [1784096021.876135278] [ros_gz_bridge]: Passing message from ROS geometry_msgs/msg/Twist to Gazebo gz.msgs.Twist (showing msg only once per type)
[ekf_node-7] [INFO] [1784096062.247683886] [rclcpp]: signal_handler(SIGINT/SIGTERM)
[robot_state_publisher-2] [INFO] [1784096062.247712427] [rclcpp]: signal_handler(SIGINT/SIGTERM)
[static_transform_publisher-6] [INFO] [1784096062.247717125] [rclcpp]: signal_handler(SIGINT/SIGTERM)
[parameter_bridge-4] [INFO] [1784096062.247722884] [rclcpp]: signal_handler(SIGINT/SIGTERM)
[INFO] [gazebo-1]: process has finished cleanly [pid 1547]
[INFO] [parameter_bridge-4]: process has finished cleanly [pid 1550]
[INFO] [static_transform_publisher-6]: process has finished cleanly [pid 1552]
[INFO] [robot_state_publisher-2]: process has finished cleanly [pid 1548]
[INFO] [ekf_node-7]: process has finished cleanly [pid 1553]
[INFO] [sanitation_ground_truth_adapter-5]: process has finished cleanly [pid 1551]
[INFO] [velocity_gate-8]: process has finished cleanly [pid 1554]
