[INFO] [launch]: All log files can be found below /root/.ros/log/2026-07-15-06-06-32-359041-2013e04e83e7-137
[INFO] [launch]: Default logging verbosity is set to INFO
[INFO] [gazebo-1]: process started with pid [175]
[INFO] [robot_state_publisher-2]: process started with pid [176]
[INFO] [create-3]: process started with pid [177]
[INFO] [parameter_bridge-4]: process started with pid [178]
[INFO] [sanitation_ground_truth_adapter-5]: process started with pid [179]
[INFO] [static_transform_publisher-6]: process started with pid [180]
[INFO] [ekf_node-7]: process started with pid [181]
[INFO] [velocity_gate-8]: process started with pid [182]
[create-3] [INFO] [1784095635.569182902] [ros_gz_sim]: Requesting list of world names.
[static_transform_publisher-6] [INFO] [1784095635.586552679] [lidar_scoped_frame_bridge]: Spinning until stopped - publishing transform
[static_transform_publisher-6] translation: ('0.000000', '0.000000', '0.000000')
[static_transform_publisher-6] rotation: ('0.000000', '0.000000', '0.000000', '1.000000')
[static_transform_publisher-6] from 'laser' to 'sanitation_vehicle/base_footprint/sanitation_gpu_lidar'
[ekf_node-7] [INFO] [1784095635.667072918] [ekf_filter_node]: Waiting for clock to start...
[parameter_bridge-4] [INFO] [1784095635.718950392] [ros_gz_bridge]: Creating GZ->ROS Bridge: [/clock (gz.msgs.Clock) -> /clock (rosgraph_msgs/msg/Clock)] (Lazy 0)
[parameter_bridge-4] [INFO] [1784095635.731270470] [ros_gz_bridge]: Creating GZ->ROS Bridge: [/cmd_vel (gz.msgs.Twist) -> /cmd_vel (geometry_msgs/msg/Twist)] (Lazy 0)
[parameter_bridge-4] [INFO] [1784095635.758901111] [ros_gz_bridge]: Creating ROS->GZ Bridge: [/cmd_vel (geometry_msgs/msg/Twist) -> /cmd_vel (gz.msgs.Twist)] (Lazy 0)
[parameter_bridge-4] [INFO] [1784095635.760425966] [ros_gz_bridge]: Creating GZ->ROS Bridge: [/odom/unfiltered (gz.msgs.Odometry) -> /odom/unfiltered (nav_msgs/msg/Odometry)] (Lazy 0)
[parameter_bridge-4] [INFO] [1784095635.777846812] [ros_gz_bridge]: Creating GZ->ROS Bridge: [/ground_truth/model_odom_raw (gz.msgs.Odometry) -> /ground_truth/model_odom_raw (nav_msgs/msg/Odometry)] (Lazy 0)
[parameter_bridge-4] [INFO] [1784095635.778744250] [ros_gz_bridge]: Creating GZ->ROS Bridge: [/imu/data (gz.msgs.IMU) -> /imu/data (sensor_msgs/msg/Imu)] (Lazy 0)
[parameter_bridge-4] [INFO] [1784095635.793997799] [ros_gz_bridge]: Creating GZ->ROS Bridge: [/joint_states (gz.msgs.Model) -> /joint_states (sensor_msgs/msg/JointState)] (Lazy 0)
[parameter_bridge-4] [INFO] [1784095635.794920658] [ros_gz_bridge]: Creating GZ->ROS Bridge: [/scan (gz.msgs.LaserScan) -> /scan (sensor_msgs/msg/LaserScan)] (Lazy 0)
[parameter_bridge-4] [INFO] [1784095635.795789692] [ros_gz_bridge]: Creating GZ->ROS Bridge: [/camera/camera_info (gz.msgs.CameraInfo) -> /camera/camera_info (sensor_msgs/msg/CameraInfo)] (Lazy 0)
[parameter_bridge-4] [INFO] [1784095635.796730344] [ros_gz_bridge]: Creating GZ->ROS Bridge: [/camera/image (gz.msgs.Image) -> /camera/image (sensor_msgs/msg/Image)] (Lazy 0)
[parameter_bridge-4] [INFO] [1784095635.797561902] [ros_gz_bridge]: Creating GZ->ROS Bridge: [/camera/depth_image (gz.msgs.Image) -> /camera/depth_image (sensor_msgs/msg/Image)] (Lazy 0)
[parameter_bridge-4] [INFO] [1784095635.798287008] [ros_gz_bridge]: Creating GZ->ROS Bridge: [/camera/points (gz.msgs.PointCloudPacked) -> /camera/points (sensor_msgs/msg/PointCloud2)] (Lazy 0)
[parameter_bridge-4] [INFO] [1784095635.799179890] [ros_gz_bridge]: Creating GZ->ROS Bridge: [/world/sanitation_test_world/dynamic_pose/info (gz.msgs.Pose_V) -> /world/sanitation_test_world/dynamic_pose/info (tf2_msgs/msg/TFMessage)] (Lazy 0)
[parameter_bridge-4] [INFO] [1784095635.827051412] [ros_gz_bridge]: Creating GZ->ROS Bridge: [/world_overview/image (gz.msgs.Image) -> /world_overview/image (sensor_msgs/msg/Image)] (Lazy 0)
[robot_state_publisher-2] [INFO] [1784095635.987404798] [robot_state_publisher]: Robot initialized
[create-3] [INFO] [1784095636.907028415] [ros_gz_sim]: Waiting messages on topic [robot_description].
[create-3] [INFO] [1784095636.918934126] [ros_gz_sim]: Entity creation successful.
[INFO] [create-3]: process has finished cleanly [pid 177]
[parameter_bridge-4] [INFO] [1784095639.699576005] [ros_gz_bridge]: Passing message from ROS geometry_msgs/msg/Twist to Gazebo gz.msgs.Twist (showing msg only once per type)
[static_transform_publisher-6] [INFO] [1784095679.103324003] [rclcpp]: signal_handler(SIGINT/SIGTERM)
[robot_state_publisher-2] [INFO] [1784095679.103363932] [rclcpp]: signal_handler(SIGINT/SIGTERM)
[parameter_bridge-4] [INFO] [1784095679.103363638] [rclcpp]: signal_handler(SIGINT/SIGTERM)
[ekf_node-7] [INFO] [1784095679.103464175] [rclcpp]: signal_handler(SIGINT/SIGTERM)
[INFO] [gazebo-1]: process has finished cleanly [pid 175]
[INFO] [parameter_bridge-4]: process has finished cleanly [pid 178]
[INFO] [static_transform_publisher-6]: process has finished cleanly [pid 180]
[INFO] [robot_state_publisher-2]: process has finished cleanly [pid 176]
[INFO] [ekf_node-7]: process has finished cleanly [pid 181]
[INFO] [velocity_gate-8]: process has finished cleanly [pid 182]
[INFO] [sanitation_ground_truth_adapter-5]: process has finished cleanly [pid 179]
