[INFO] [launch]: All log files can be found below /root/.ros/log/2026-07-15-06-16-30-850288-2013e04e83e7-2215
[INFO] [launch]: Default logging verbosity is set to INFO
[INFO] [gazebo-1]: process started with pid [2235]
[INFO] [robot_state_publisher-2]: process started with pid [2236]
[INFO] [create-3]: process started with pid [2237]
[INFO] [parameter_bridge-4]: process started with pid [2238]
[INFO] [sanitation_ground_truth_adapter-5]: process started with pid [2239]
[INFO] [static_transform_publisher-6]: process started with pid [2240]
[INFO] [ekf_node-7]: process started with pid [2241]
[INFO] [velocity_gate-8]: process started with pid [2242]
[static_transform_publisher-6] [INFO] [1784096232.919145660] [lidar_scoped_frame_bridge]: Spinning until stopped - publishing transform
[static_transform_publisher-6] translation: ('0.000000', '0.000000', '0.000000')
[static_transform_publisher-6] rotation: ('0.000000', '0.000000', '0.000000', '1.000000')
[static_transform_publisher-6] from 'laser' to 'sanitation_vehicle/base_footprint/sanitation_gpu_lidar'
[create-3] [INFO] [1784096232.943207793] [ros_gz_sim]: Requesting list of world names.
[ekf_node-7] [INFO] [1784096233.031342635] [ekf_filter_node]: Waiting for clock to start...
[parameter_bridge-4] [INFO] [1784096233.099603271] [ros_gz_bridge]: Creating GZ->ROS Bridge: [/clock (gz.msgs.Clock) -> /clock (rosgraph_msgs/msg/Clock)] (Lazy 0)
[parameter_bridge-4] [INFO] [1784096233.116719392] [ros_gz_bridge]: Creating GZ->ROS Bridge: [/cmd_vel (gz.msgs.Twist) -> /cmd_vel (geometry_msgs/msg/Twist)] (Lazy 0)
[parameter_bridge-4] [INFO] [1784096233.150178552] [ros_gz_bridge]: Creating ROS->GZ Bridge: [/cmd_vel (geometry_msgs/msg/Twist) -> /cmd_vel (gz.msgs.Twist)] (Lazy 0)
[parameter_bridge-4] [INFO] [1784096233.150979721] [ros_gz_bridge]: Creating GZ->ROS Bridge: [/odom/unfiltered (gz.msgs.Odometry) -> /odom/unfiltered (nav_msgs/msg/Odometry)] (Lazy 0)
[parameter_bridge-4] [INFO] [1784096233.166766492] [ros_gz_bridge]: Creating GZ->ROS Bridge: [/ground_truth/model_odom_raw (gz.msgs.Odometry) -> /ground_truth/model_odom_raw (nav_msgs/msg/Odometry)] (Lazy 0)
[parameter_bridge-4] [INFO] [1784096233.167347957] [ros_gz_bridge]: Creating GZ->ROS Bridge: [/imu/data (gz.msgs.IMU) -> /imu/data (sensor_msgs/msg/Imu)] (Lazy 0)
[parameter_bridge-4] [INFO] [1784096233.179412531] [ros_gz_bridge]: Creating GZ->ROS Bridge: [/joint_states (gz.msgs.Model) -> /joint_states (sensor_msgs/msg/JointState)] (Lazy 0)
[parameter_bridge-4] [INFO] [1784096233.180068040] [ros_gz_bridge]: Creating GZ->ROS Bridge: [/scan (gz.msgs.LaserScan) -> /scan (sensor_msgs/msg/LaserScan)] (Lazy 0)
[parameter_bridge-4] [INFO] [1784096233.180665896] [ros_gz_bridge]: Creating GZ->ROS Bridge: [/camera/camera_info (gz.msgs.CameraInfo) -> /camera/camera_info (sensor_msgs/msg/CameraInfo)] (Lazy 0)
[parameter_bridge-4] [INFO] [1784096233.181297898] [ros_gz_bridge]: Creating GZ->ROS Bridge: [/camera/image (gz.msgs.Image) -> /camera/image (sensor_msgs/msg/Image)] (Lazy 0)
[parameter_bridge-4] [INFO] [1784096233.181835651] [ros_gz_bridge]: Creating GZ->ROS Bridge: [/camera/depth_image (gz.msgs.Image) -> /camera/depth_image (sensor_msgs/msg/Image)] (Lazy 0)
[parameter_bridge-4] [INFO] [1784096233.182276096] [ros_gz_bridge]: Creating GZ->ROS Bridge: [/camera/points (gz.msgs.PointCloudPacked) -> /camera/points (sensor_msgs/msg/PointCloud2)] (Lazy 0)
[parameter_bridge-4] [INFO] [1784096233.182868049] [ros_gz_bridge]: Creating GZ->ROS Bridge: [/world/sanitation_test_world/dynamic_pose/info (gz.msgs.Pose_V) -> /world/sanitation_test_world/dynamic_pose/info (tf2_msgs/msg/TFMessage)] (Lazy 0)
[parameter_bridge-4] [INFO] [1784096233.205915341] [ros_gz_bridge]: Creating GZ->ROS Bridge: [/world_overview/image (gz.msgs.Image) -> /world_overview/image (sensor_msgs/msg/Image)] (Lazy 0)
[robot_state_publisher-2] [INFO] [1784096233.412730821] [robot_state_publisher]: Robot initialized
[create-3] [INFO] [1784096234.275304342] [ros_gz_sim]: Waiting messages on topic [robot_description].
[create-3] [INFO] [1784096234.287026933] [ros_gz_sim]: Entity creation successful.
[INFO] [create-3]: process has finished cleanly [pid 2237]
[parameter_bridge-4] [INFO] [1784096236.577207274] [ros_gz_bridge]: Passing message from ROS geometry_msgs/msg/Twist to Gazebo gz.msgs.Twist (showing msg only once per type)
[static_transform_publisher-6] [INFO] [1784096308.197273729] [rclcpp]: signal_handler(SIGINT/SIGTERM)
[ekf_node-7] [INFO] [1784096308.197289302] [rclcpp]: signal_handler(SIGINT/SIGTERM)
[parameter_bridge-4] [INFO] [1784096308.197303494] [rclcpp]: signal_handler(SIGINT/SIGTERM)
[robot_state_publisher-2] [INFO] [1784096308.197380530] [rclcpp]: signal_handler(SIGINT/SIGTERM)
[INFO] [gazebo-1]: process has finished cleanly [pid 2235]
[INFO] [parameter_bridge-4]: process has finished cleanly [pid 2238]
[INFO] [static_transform_publisher-6]: process has finished cleanly [pid 2240]
[INFO] [robot_state_publisher-2]: process has finished cleanly [pid 2236]
[INFO] [ekf_node-7]: process has finished cleanly [pid 2241]
[INFO] [sanitation_ground_truth_adapter-5]: process has finished cleanly [pid 2239]
[INFO] [velocity_gate-8]: process has finished cleanly [pid 2242]
