[INFO] [launch]: All log files can be found below /root/.ros/log/2026-07-15-06-20-35-890222-2013e04e83e7-2901
[INFO] [launch]: Default logging verbosity is set to INFO
[INFO] [gazebo-1]: process started with pid [2921]
[INFO] [robot_state_publisher-2]: process started with pid [2922]
[INFO] [create-3]: process started with pid [2923]
[INFO] [parameter_bridge-4]: process started with pid [2924]
[INFO] [sanitation_ground_truth_adapter-5]: process started with pid [2925]
[INFO] [static_transform_publisher-6]: process started with pid [2926]
[INFO] [ekf_node-7]: process started with pid [2927]
[INFO] [velocity_gate-8]: process started with pid [2928]
[static_transform_publisher-6] [INFO] [1784096480.850641212] [lidar_scoped_frame_bridge]: Spinning until stopped - publishing transform
[static_transform_publisher-6] translation: ('0.000000', '0.000000', '0.000000')
[static_transform_publisher-6] rotation: ('0.000000', '0.000000', '0.000000', '1.000000')
[static_transform_publisher-6] from 'laser' to 'sanitation_vehicle/base_footprint/sanitation_gpu_lidar'
[create-3] [INFO] [1784096480.852202808] [ros_gz_sim]: Requesting list of world names.
[ekf_node-7] [INFO] [1784096480.946906427] [ekf_filter_node]: Waiting for clock to start...
[parameter_bridge-4] [INFO] [1784096481.008192377] [ros_gz_bridge]: Creating GZ->ROS Bridge: [/clock (gz.msgs.Clock) -> /clock (rosgraph_msgs/msg/Clock)] (Lazy 0)
[parameter_bridge-4] [INFO] [1784096481.024820858] [ros_gz_bridge]: Creating GZ->ROS Bridge: [/cmd_vel (gz.msgs.Twist) -> /cmd_vel (geometry_msgs/msg/Twist)] (Lazy 0)
[parameter_bridge-4] [INFO] [1784096481.115100812] [ros_gz_bridge]: Creating ROS->GZ Bridge: [/cmd_vel (geometry_msgs/msg/Twist) -> /cmd_vel (gz.msgs.Twist)] (Lazy 0)
[parameter_bridge-4] [INFO] [1784096481.116181474] [ros_gz_bridge]: Creating GZ->ROS Bridge: [/odom/unfiltered (gz.msgs.Odometry) -> /odom/unfiltered (nav_msgs/msg/Odometry)] (Lazy 0)
[parameter_bridge-4] [INFO] [1784096481.133746691] [ros_gz_bridge]: Creating GZ->ROS Bridge: [/ground_truth/model_odom_raw (gz.msgs.Odometry) -> /ground_truth/model_odom_raw (nav_msgs/msg/Odometry)] (Lazy 0)
[parameter_bridge-4] [INFO] [1784096481.134752079] [ros_gz_bridge]: Creating GZ->ROS Bridge: [/imu/data (gz.msgs.IMU) -> /imu/data (sensor_msgs/msg/Imu)] (Lazy 0)
[parameter_bridge-4] [INFO] [1784096481.154841803] [ros_gz_bridge]: Creating GZ->ROS Bridge: [/joint_states (gz.msgs.Model) -> /joint_states (sensor_msgs/msg/JointState)] (Lazy 0)
[parameter_bridge-4] [INFO] [1784096481.155820887] [ros_gz_bridge]: Creating GZ->ROS Bridge: [/scan (gz.msgs.LaserScan) -> /scan (sensor_msgs/msg/LaserScan)] (Lazy 0)
[parameter_bridge-4] [INFO] [1784096481.156822373] [ros_gz_bridge]: Creating GZ->ROS Bridge: [/camera/camera_info (gz.msgs.CameraInfo) -> /camera/camera_info (sensor_msgs/msg/CameraInfo)] (Lazy 0)
[parameter_bridge-4] [INFO] [1784096481.157853145] [ros_gz_bridge]: Creating GZ->ROS Bridge: [/camera/image (gz.msgs.Image) -> /camera/image (sensor_msgs/msg/Image)] (Lazy 0)
[parameter_bridge-4] [INFO] [1784096481.158682450] [ros_gz_bridge]: Creating GZ->ROS Bridge: [/camera/depth_image (gz.msgs.Image) -> /camera/depth_image (sensor_msgs/msg/Image)] (Lazy 0)
[parameter_bridge-4] [INFO] [1784096481.159442962] [ros_gz_bridge]: Creating GZ->ROS Bridge: [/camera/points (gz.msgs.PointCloudPacked) -> /camera/points (sensor_msgs/msg/PointCloud2)] (Lazy 0)
[parameter_bridge-4] [INFO] [1784096481.160356886] [ros_gz_bridge]: Creating GZ->ROS Bridge: [/world/sanitation_test_world/dynamic_pose/info (gz.msgs.Pose_V) -> /world/sanitation_test_world/dynamic_pose/info (tf2_msgs/msg/TFMessage)] (Lazy 0)
[parameter_bridge-4] [INFO] [1784096481.191329998] [ros_gz_bridge]: Creating GZ->ROS Bridge: [/world_overview/image (gz.msgs.Image) -> /world_overview/image (sensor_msgs/msg/Image)] (Lazy 0)
[robot_state_publisher-2] [INFO] [1784096481.522402840] [robot_state_publisher]: Robot initialized
[create-3] [INFO] [1784096482.220420052] [ros_gz_sim]: Waiting messages on topic [robot_description].
[create-3] [INFO] [1784096482.232019870] [ros_gz_sim]: Entity creation successful.
[INFO] [create-3]: process has finished cleanly [pid 2923]
[parameter_bridge-4] [INFO] [1784096484.076763221] [ros_gz_bridge]: Passing message from ROS geometry_msgs/msg/Twist to Gazebo gz.msgs.Twist (showing msg only once per type)
[parameter_bridge-4] [INFO] [1784096554.025067617] [rclcpp]: signal_handler(SIGINT/SIGTERM)
[ekf_node-7] [INFO] [1784096554.025092564] [rclcpp]: signal_handler(SIGINT/SIGTERM)
[robot_state_publisher-2] [INFO] [1784096554.025093128] [rclcpp]: signal_handler(SIGINT/SIGTERM)
[static_transform_publisher-6] [INFO] [1784096554.025130809] [rclcpp]: signal_handler(SIGINT/SIGTERM)
[INFO] [gazebo-1]: process has finished cleanly [pid 2921]
[INFO] [parameter_bridge-4]: process has finished cleanly [pid 2924]
[INFO] [static_transform_publisher-6]: process has finished cleanly [pid 2926]
[INFO] [robot_state_publisher-2]: process has finished cleanly [pid 2922]
[INFO] [ekf_node-7]: process has finished cleanly [pid 2927]
[INFO] [sanitation_ground_truth_adapter-5]: process has finished cleanly [pid 2925]
[INFO] [velocity_gate-8]: process has finished cleanly [pid 2928]
