[INFO] [launch]: All log files can be found below /root/.ros/log/2026-07-15-07-24-57-800821-1e7569d8070a-578
[INFO] [launch]: Default logging verbosity is set to INFO
[INFO] [gazebo-1]: process started with pid [598]
[INFO] [robot_state_publisher-2]: process started with pid [599]
[INFO] [create-3]: process started with pid [600]
[INFO] [parameter_bridge-4]: process started with pid [601]
[INFO] [sanitation_ground_truth_adapter-5]: process started with pid [602]
[INFO] [static_transform_publisher-6]: process started with pid [603]
[INFO] [ekf_node-7]: process started with pid [604]
[INFO] [velocity_gate-8]: process started with pid [605]
[static_transform_publisher-6] [INFO] [1784100323.176373266] [lidar_scoped_frame_bridge]: Spinning until stopped - publishing transform
[static_transform_publisher-6] translation: ('0.000000', '0.000000', '0.000000')
[static_transform_publisher-6] rotation: ('0.000000', '0.000000', '0.000000', '1.000000')
[static_transform_publisher-6] from 'laser' to 'sanitation_vehicle/base_footprint/sanitation_gpu_lidar'
[create-3] [INFO] [1784100323.193908720] [ros_gz_sim]: Requesting list of world names.
[ekf_node-7] [INFO] [1784100323.277446443] [ekf_filter_node]: Waiting for clock to start...
[parameter_bridge-4] [INFO] [1784100323.344613655] [ros_gz_bridge]: Creating GZ->ROS Bridge: [/clock (gz.msgs.Clock) -> /clock (rosgraph_msgs/msg/Clock)] (Lazy 0)
[parameter_bridge-4] [INFO] [1784100323.359238413] [ros_gz_bridge]: Creating GZ->ROS Bridge: [/cmd_vel (gz.msgs.Twist) -> /cmd_vel (geometry_msgs/msg/Twist)] (Lazy 0)
[parameter_bridge-4] [INFO] [1784100323.388005197] [ros_gz_bridge]: Creating ROS->GZ Bridge: [/cmd_vel (geometry_msgs/msg/Twist) -> /cmd_vel (gz.msgs.Twist)] (Lazy 0)
[parameter_bridge-4] [INFO] [1784100323.388885418] [ros_gz_bridge]: Creating GZ->ROS Bridge: [/odom/unfiltered (gz.msgs.Odometry) -> /odom/unfiltered (nav_msgs/msg/Odometry)] (Lazy 0)
[parameter_bridge-4] [INFO] [1784100323.405364734] [ros_gz_bridge]: Creating GZ->ROS Bridge: [/ground_truth/model_odom_raw (gz.msgs.Odometry) -> /ground_truth/model_odom_raw (nav_msgs/msg/Odometry)] (Lazy 0)
[parameter_bridge-4] [INFO] [1784100323.406214103] [ros_gz_bridge]: Creating GZ->ROS Bridge: [/imu/data (gz.msgs.IMU) -> /imu/data (sensor_msgs/msg/Imu)] (Lazy 0)
[parameter_bridge-4] [INFO] [1784100323.421575787] [ros_gz_bridge]: Creating GZ->ROS Bridge: [/joint_states (gz.msgs.Model) -> /joint_states (sensor_msgs/msg/JointState)] (Lazy 0)
[parameter_bridge-4] [INFO] [1784100323.422526840] [ros_gz_bridge]: Creating GZ->ROS Bridge: [/scan (gz.msgs.LaserScan) -> /scan (sensor_msgs/msg/LaserScan)] (Lazy 0)
[robot_state_publisher-2] [INFO] [1784100323.614693406] [robot_state_publisher]: Robot initialized
[parameter_bridge-4] [INFO] [1784100323.757287873] [ros_gz_bridge]: Creating GZ->ROS Bridge: [/camera/camera_info (gz.msgs.CameraInfo) -> /camera/camera_info (sensor_msgs/msg/CameraInfo)] (Lazy 0)
[parameter_bridge-4] [INFO] [1784100323.758387935] [ros_gz_bridge]: Creating GZ->ROS Bridge: [/camera/image (gz.msgs.Image) -> /camera/image (sensor_msgs/msg/Image)] (Lazy 0)
[parameter_bridge-4] [INFO] [1784100323.759368860] [ros_gz_bridge]: Creating GZ->ROS Bridge: [/camera/depth_image (gz.msgs.Image) -> /camera/depth_image (sensor_msgs/msg/Image)] (Lazy 0)
[parameter_bridge-4] [INFO] [1784100323.760108193] [ros_gz_bridge]: Creating GZ->ROS Bridge: [/camera/points (gz.msgs.PointCloudPacked) -> /camera/points (sensor_msgs/msg/PointCloud2)] (Lazy 0)
[parameter_bridge-4] [INFO] [1784100323.760904678] [ros_gz_bridge]: Creating GZ->ROS Bridge: [/world/sanitation_test_world/dynamic_pose/info (gz.msgs.Pose_V) -> /world/sanitation_test_world/dynamic_pose/info (tf2_msgs/msg/TFMessage)] (Lazy 0)
[parameter_bridge-4] [INFO] [1784100323.796678984] [ros_gz_bridge]: Creating GZ->ROS Bridge: [/world_overview/image (gz.msgs.Image) -> /world_overview/image (sensor_msgs/msg/Image)] (Lazy 0)
[create-3] [INFO] [1784100324.337705512] [ros_gz_sim]: Waiting messages on topic [robot_description].
[create-3] [INFO] [1784100324.349095799] [ros_gz_sim]: Entity creation successful.
[INFO] [create-3]: process has finished cleanly [pid 600]
[parameter_bridge-4] [INFO] [1784100326.173316020] [ros_gz_bridge]: Passing message from ROS geometry_msgs/msg/Twist to Gazebo gz.msgs.Twist (showing msg only once per type)
[static_transform_publisher-6] [INFO] [1784100348.242623392] [rclcpp]: signal_handler(SIGINT/SIGTERM)
[ekf_node-7] [INFO] [1784100348.242625630] [rclcpp]: signal_handler(SIGINT/SIGTERM)
[parameter_bridge-4] [INFO] [1784100348.242652225] [rclcpp]: signal_handler(SIGINT/SIGTERM)
[robot_state_publisher-2] [INFO] [1784100348.242671206] [rclcpp]: signal_handler(SIGINT/SIGTERM)
[INFO] [gazebo-1]: process has finished cleanly [pid 598]
[INFO] [parameter_bridge-4]: process has finished cleanly [pid 601]
[INFO] [static_transform_publisher-6]: process has finished cleanly [pid 603]
[INFO] [robot_state_publisher-2]: process has finished cleanly [pid 599]
[INFO] [ekf_node-7]: process has finished cleanly [pid 604]
[INFO] [velocity_gate-8]: process has finished cleanly [pid 605]
[INFO] [sanitation_ground_truth_adapter-5]: process has finished cleanly [pid 602]
