[INFO] [launch]: All log files can be found below /root/.ros/log/2026-07-15-07-25-53-463839-1e7569d8070a-921
[INFO] [launch]: Default logging verbosity is set to INFO
[INFO] [gazebo-1]: process started with pid [941]
[INFO] [robot_state_publisher-2]: process started with pid [942]
[INFO] [create-3]: process started with pid [943]
[INFO] [parameter_bridge-4]: process started with pid [944]
[INFO] [sanitation_ground_truth_adapter-5]: process started with pid [945]
[INFO] [static_transform_publisher-6]: process started with pid [946]
[INFO] [ekf_node-7]: process started with pid [947]
[INFO] [velocity_gate-8]: process started with pid [948]
[static_transform_publisher-6] [INFO] [1784100380.842773970] [lidar_scoped_frame_bridge]: Spinning until stopped - publishing transform
[static_transform_publisher-6] translation: ('0.000000', '0.000000', '0.000000')
[static_transform_publisher-6] rotation: ('0.000000', '0.000000', '0.000000', '1.000000')
[static_transform_publisher-6] from 'laser' to 'sanitation_vehicle/base_footprint/sanitation_gpu_lidar'
[create-3] [INFO] [1784100380.882513551] [ros_gz_sim]: Requesting list of world names.
[parameter_bridge-4] [INFO] [1784100380.917256509] [ros_gz_bridge]: Creating GZ->ROS Bridge: [/clock (gz.msgs.Clock) -> /clock (rosgraph_msgs/msg/Clock)] (Lazy 0)
[parameter_bridge-4] [INFO] [1784100380.928893725] [ros_gz_bridge]: Creating GZ->ROS Bridge: [/cmd_vel (gz.msgs.Twist) -> /cmd_vel (geometry_msgs/msg/Twist)] (Lazy 0)
[parameter_bridge-4] [INFO] [1784100380.944587392] [ros_gz_bridge]: Creating ROS->GZ Bridge: [/cmd_vel (geometry_msgs/msg/Twist) -> /cmd_vel (gz.msgs.Twist)] (Lazy 0)
[parameter_bridge-4] [INFO] [1784100380.945396644] [ros_gz_bridge]: Creating GZ->ROS Bridge: [/odom/unfiltered (gz.msgs.Odometry) -> /odom/unfiltered (nav_msgs/msg/Odometry)] (Lazy 0)
[parameter_bridge-4] [INFO] [1784100380.957590073] [ros_gz_bridge]: Creating GZ->ROS Bridge: [/ground_truth/model_odom_raw (gz.msgs.Odometry) -> /ground_truth/model_odom_raw (nav_msgs/msg/Odometry)] (Lazy 0)
[parameter_bridge-4] [INFO] [1784100380.958462524] [ros_gz_bridge]: Creating GZ->ROS Bridge: [/imu/data (gz.msgs.IMU) -> /imu/data (sensor_msgs/msg/Imu)] (Lazy 0)
[ekf_node-7] [INFO] [1784100380.958908091] [ekf_filter_node]: Waiting for clock to start...
[parameter_bridge-4] [INFO] [1784100380.971385013] [ros_gz_bridge]: Creating GZ->ROS Bridge: [/joint_states (gz.msgs.Model) -> /joint_states (sensor_msgs/msg/JointState)] (Lazy 0)
[parameter_bridge-4] [INFO] [1784100380.972267794] [ros_gz_bridge]: Creating GZ->ROS Bridge: [/scan (gz.msgs.LaserScan) -> /scan (sensor_msgs/msg/LaserScan)] (Lazy 0)
[parameter_bridge-4] [INFO] [1784100380.973073652] [ros_gz_bridge]: Creating GZ->ROS Bridge: [/camera/camera_info (gz.msgs.CameraInfo) -> /camera/camera_info (sensor_msgs/msg/CameraInfo)] (Lazy 0)
[parameter_bridge-4] [INFO] [1784100380.973910672] [ros_gz_bridge]: Creating GZ->ROS Bridge: [/camera/image (gz.msgs.Image) -> /camera/image (sensor_msgs/msg/Image)] (Lazy 0)
[parameter_bridge-4] [INFO] [1784100380.974715734] [ros_gz_bridge]: Creating GZ->ROS Bridge: [/camera/depth_image (gz.msgs.Image) -> /camera/depth_image (sensor_msgs/msg/Image)] (Lazy 0)
[parameter_bridge-4] [INFO] [1784100380.975440465] [ros_gz_bridge]: Creating GZ->ROS Bridge: [/camera/points (gz.msgs.PointCloudPacked) -> /camera/points (sensor_msgs/msg/PointCloud2)] (Lazy 0)
[parameter_bridge-4] [INFO] [1784100380.976335288] [ros_gz_bridge]: Creating GZ->ROS Bridge: [/world/sanitation_test_world/dynamic_pose/info (gz.msgs.Pose_V) -> /world/sanitation_test_world/dynamic_pose/info (tf2_msgs/msg/TFMessage)] (Lazy 0)
[parameter_bridge-4] [INFO] [1784100381.000561932] [ros_gz_bridge]: Creating GZ->ROS Bridge: [/world_overview/image (gz.msgs.Image) -> /world_overview/image (sensor_msgs/msg/Image)] (Lazy 0)
[robot_state_publisher-2] [INFO] [1784100381.242263704] [robot_state_publisher]: Robot initialized
[create-3] [INFO] [1784100381.488063868] [ros_gz_sim]: Waiting messages on topic [robot_description].
[create-3] [INFO] [1784100381.499708760] [ros_gz_sim]: Entity creation successful.
[INFO] [create-3]: process has finished cleanly [pid 943]
[parameter_bridge-4] [INFO] [1784100383.393994517] [ros_gz_bridge]: Passing message from ROS geometry_msgs/msg/Twist to Gazebo gz.msgs.Twist (showing msg only once per type)
[ekf_node-7] [INFO] [1784100405.641614034] [rclcpp]: signal_handler(SIGINT/SIGTERM)
[robot_state_publisher-2] [INFO] [1784100405.641631378] [rclcpp]: signal_handler(SIGINT/SIGTERM)
[static_transform_publisher-6] [INFO] [1784100405.641629706] [rclcpp]: signal_handler(SIGINT/SIGTERM)
[parameter_bridge-4] [INFO] [1784100405.641657689] [rclcpp]: signal_handler(SIGINT/SIGTERM)
[INFO] [gazebo-1]: process has finished cleanly [pid 941]
[INFO] [parameter_bridge-4]: process has finished cleanly [pid 944]
[INFO] [robot_state_publisher-2]: process has finished cleanly [pid 942]
[INFO] [static_transform_publisher-6]: process has finished cleanly [pid 946]
[INFO] [ekf_node-7]: process has finished cleanly [pid 947]
[INFO] [velocity_gate-8]: process has finished cleanly [pid 948]
[INFO] [sanitation_ground_truth_adapter-5]: process has finished cleanly [pid 945]
