[INFO] [launch]: All log files can be found below /root/.ros/log/2026-07-15-07-26-50-677659-1e7569d8070a-1264
[INFO] [launch]: Default logging verbosity is set to INFO
[INFO] [gazebo-1]: process started with pid [1284]
[INFO] [robot_state_publisher-2]: process started with pid [1285]
[INFO] [create-3]: process started with pid [1286]
[INFO] [parameter_bridge-4]: process started with pid [1287]
[INFO] [sanitation_ground_truth_adapter-5]: process started with pid [1288]
[INFO] [static_transform_publisher-6]: process started with pid [1289]
[INFO] [ekf_node-7]: process started with pid [1290]
[INFO] [velocity_gate-8]: process started with pid [1291]
[create-3] [INFO] [1784100447.038277432] [ros_gz_sim]: Requesting list of world names.
[static_transform_publisher-6] [INFO] [1784100447.044906306] [lidar_scoped_frame_bridge]: Spinning until stopped - publishing transform
[static_transform_publisher-6] translation: ('0.000000', '0.000000', '0.000000')
[static_transform_publisher-6] rotation: ('0.000000', '0.000000', '0.000000', '1.000000')
[static_transform_publisher-6] from 'laser' to 'sanitation_vehicle/base_footprint/sanitation_gpu_lidar'
[parameter_bridge-4] [INFO] [1784100447.183465363] [ros_gz_bridge]: Creating GZ->ROS Bridge: [/clock (gz.msgs.Clock) -> /clock (rosgraph_msgs/msg/Clock)] (Lazy 0)
[parameter_bridge-4] [INFO] [1784100447.193686078] [ros_gz_bridge]: Creating GZ->ROS Bridge: [/cmd_vel (gz.msgs.Twist) -> /cmd_vel (geometry_msgs/msg/Twist)] (Lazy 0)
[parameter_bridge-4] [INFO] [1784100447.214271121] [ros_gz_bridge]: Creating ROS->GZ Bridge: [/cmd_vel (geometry_msgs/msg/Twist) -> /cmd_vel (gz.msgs.Twist)] (Lazy 0)
[parameter_bridge-4] [INFO] [1784100447.215035952] [ros_gz_bridge]: Creating GZ->ROS Bridge: [/odom/unfiltered (gz.msgs.Odometry) -> /odom/unfiltered (nav_msgs/msg/Odometry)] (Lazy 0)
[parameter_bridge-4] [INFO] [1784100447.226914240] [ros_gz_bridge]: Creating GZ->ROS Bridge: [/ground_truth/model_odom_raw (gz.msgs.Odometry) -> /ground_truth/model_odom_raw (nav_msgs/msg/Odometry)] (Lazy 0)
[parameter_bridge-4] [INFO] [1784100447.227471308] [ros_gz_bridge]: Creating GZ->ROS Bridge: [/imu/data (gz.msgs.IMU) -> /imu/data (sensor_msgs/msg/Imu)] (Lazy 0)
[parameter_bridge-4] [INFO] [1784100447.239505186] [ros_gz_bridge]: Creating GZ->ROS Bridge: [/joint_states (gz.msgs.Model) -> /joint_states (sensor_msgs/msg/JointState)] (Lazy 0)
[parameter_bridge-4] [INFO] [1784100447.240102008] [ros_gz_bridge]: Creating GZ->ROS Bridge: [/scan (gz.msgs.LaserScan) -> /scan (sensor_msgs/msg/LaserScan)] (Lazy 0)
[parameter_bridge-4] [INFO] [1784100447.240627878] [ros_gz_bridge]: Creating GZ->ROS Bridge: [/camera/camera_info (gz.msgs.CameraInfo) -> /camera/camera_info (sensor_msgs/msg/CameraInfo)] (Lazy 0)
[parameter_bridge-4] [INFO] [1784100447.241237765] [ros_gz_bridge]: Creating GZ->ROS Bridge: [/camera/image (gz.msgs.Image) -> /camera/image (sensor_msgs/msg/Image)] (Lazy 0)
[parameter_bridge-4] [INFO] [1784100447.241775421] [ros_gz_bridge]: Creating GZ->ROS Bridge: [/camera/depth_image (gz.msgs.Image) -> /camera/depth_image (sensor_msgs/msg/Image)] (Lazy 0)
[parameter_bridge-4] [INFO] [1784100447.242199351] [ros_gz_bridge]: Creating GZ->ROS Bridge: [/camera/points (gz.msgs.PointCloudPacked) -> /camera/points (sensor_msgs/msg/PointCloud2)] (Lazy 0)
[parameter_bridge-4] [INFO] [1784100447.242861766] [ros_gz_bridge]: Creating GZ->ROS Bridge: [/world/sanitation_test_world/dynamic_pose/info (gz.msgs.Pose_V) -> /world/sanitation_test_world/dynamic_pose/info (tf2_msgs/msg/TFMessage)] (Lazy 0)
[parameter_bridge-4] [INFO] [1784100447.265100792] [ros_gz_bridge]: Creating GZ->ROS Bridge: [/world_overview/image (gz.msgs.Image) -> /world_overview/image (sensor_msgs/msg/Image)] (Lazy 0)
[ekf_node-7] [INFO] [1784100447.439007934] [ekf_filter_node]: Waiting for clock to start...
[robot_state_publisher-2] [INFO] [1784100447.841637769] [robot_state_publisher]: Robot initialized
[create-3] [INFO] [1784100448.063039384] [ros_gz_sim]: Waiting messages on topic [robot_description].
[create-3] [INFO] [1784100448.074467270] [ros_gz_sim]: Entity creation successful.
[INFO] [create-3]: process has finished cleanly [pid 1286]
[parameter_bridge-4] [INFO] [1784100449.918335146] [ros_gz_bridge]: Passing message from ROS geometry_msgs/msg/Twist to Gazebo gz.msgs.Twist (showing msg only once per type)
[static_transform_publisher-6] [INFO] [1784100472.306981852] [rclcpp]: signal_handler(SIGINT/SIGTERM)
[parameter_bridge-4] [INFO] [1784100472.306999602] [rclcpp]: signal_handler(SIGINT/SIGTERM)
[ekf_node-7] [INFO] [1784100472.306982006] [rclcpp]: signal_handler(SIGINT/SIGTERM)
[robot_state_publisher-2] [INFO] [1784100472.307045398] [rclcpp]: signal_handler(SIGINT/SIGTERM)
[INFO] [gazebo-1]: process has finished cleanly [pid 1284]
[INFO] [parameter_bridge-4]: process has finished cleanly [pid 1287]
[INFO] [static_transform_publisher-6]: process has finished cleanly [pid 1289]
[INFO] [robot_state_publisher-2]: process has finished cleanly [pid 1285]
[INFO] [ekf_node-7]: process has finished cleanly [pid 1290]
[INFO] [sanitation_ground_truth_adapter-5]: process has finished cleanly [pid 1288]
[INFO] [velocity_gate-8]: process has finished cleanly [pid 1291]
