[INFO] [launch]: All log files can be found below /root/.ros/log/2026-07-15-07-27-57-113328-1e7569d8070a-1607
[INFO] [launch]: Default logging verbosity is set to INFO
[INFO] [gazebo-1]: process started with pid [1627]
[INFO] [robot_state_publisher-2]: process started with pid [1628]
[INFO] [create-3]: process started with pid [1629]
[INFO] [parameter_bridge-4]: process started with pid [1630]
[INFO] [sanitation_ground_truth_adapter-5]: process started with pid [1631]
[INFO] [static_transform_publisher-6]: process started with pid [1632]
[INFO] [ekf_node-7]: process started with pid [1633]
[INFO] [velocity_gate-8]: process started with pid [1634]
[static_transform_publisher-6] [INFO] [1784100501.715342674] [lidar_scoped_frame_bridge]: Spinning until stopped - publishing transform
[static_transform_publisher-6] translation: ('0.000000', '0.000000', '0.000000')
[static_transform_publisher-6] rotation: ('0.000000', '0.000000', '0.000000', '1.000000')
[static_transform_publisher-6] from 'laser' to 'sanitation_vehicle/base_footprint/sanitation_gpu_lidar'
[create-3] [INFO] [1784100501.732969547] [ros_gz_sim]: Requesting list of world names.
[ekf_node-7] [INFO] [1784100501.841379167] [ekf_filter_node]: Waiting for clock to start...
[parameter_bridge-4] [INFO] [1784100501.901557626] [ros_gz_bridge]: Creating GZ->ROS Bridge: [/clock (gz.msgs.Clock) -> /clock (rosgraph_msgs/msg/Clock)] (Lazy 0)
[parameter_bridge-4] [INFO] [1784100501.921457946] [ros_gz_bridge]: Creating GZ->ROS Bridge: [/cmd_vel (gz.msgs.Twist) -> /cmd_vel (geometry_msgs/msg/Twist)] (Lazy 0)
[parameter_bridge-4] [INFO] [1784100501.955740013] [ros_gz_bridge]: Creating ROS->GZ Bridge: [/cmd_vel (geometry_msgs/msg/Twist) -> /cmd_vel (gz.msgs.Twist)] (Lazy 0)
[parameter_bridge-4] [INFO] [1784100501.956344904] [ros_gz_bridge]: Creating GZ->ROS Bridge: [/odom/unfiltered (gz.msgs.Odometry) -> /odom/unfiltered (nav_msgs/msg/Odometry)] (Lazy 0)
[parameter_bridge-4] [INFO] [1784100501.971551281] [ros_gz_bridge]: Creating GZ->ROS Bridge: [/ground_truth/model_odom_raw (gz.msgs.Odometry) -> /ground_truth/model_odom_raw (nav_msgs/msg/Odometry)] (Lazy 0)
[parameter_bridge-4] [INFO] [1784100501.971912580] [ros_gz_bridge]: Creating GZ->ROS Bridge: [/imu/data (gz.msgs.IMU) -> /imu/data (sensor_msgs/msg/Imu)] (Lazy 0)
[parameter_bridge-4] [INFO] [1784100501.983341104] [ros_gz_bridge]: Creating GZ->ROS Bridge: [/joint_states (gz.msgs.Model) -> /joint_states (sensor_msgs/msg/JointState)] (Lazy 0)
[parameter_bridge-4] [INFO] [1784100501.983847079] [ros_gz_bridge]: Creating GZ->ROS Bridge: [/scan (gz.msgs.LaserScan) -> /scan (sensor_msgs/msg/LaserScan)] (Lazy 0)
[parameter_bridge-4] [INFO] [1784100501.984268176] [ros_gz_bridge]: Creating GZ->ROS Bridge: [/camera/camera_info (gz.msgs.CameraInfo) -> /camera/camera_info (sensor_msgs/msg/CameraInfo)] (Lazy 0)
[parameter_bridge-4] [INFO] [1784100501.984750565] [ros_gz_bridge]: Creating GZ->ROS Bridge: [/camera/image (gz.msgs.Image) -> /camera/image (sensor_msgs/msg/Image)] (Lazy 0)
[parameter_bridge-4] [INFO] [1784100501.985148332] [ros_gz_bridge]: Creating GZ->ROS Bridge: [/camera/depth_image (gz.msgs.Image) -> /camera/depth_image (sensor_msgs/msg/Image)] (Lazy 0)
[parameter_bridge-4] [INFO] [1784100501.985394746] [ros_gz_bridge]: Creating GZ->ROS Bridge: [/camera/points (gz.msgs.PointCloudPacked) -> /camera/points (sensor_msgs/msg/PointCloud2)] (Lazy 0)
[parameter_bridge-4] [INFO] [1784100501.985766114] [ros_gz_bridge]: Creating GZ->ROS Bridge: [/world/sanitation_test_world/dynamic_pose/info (gz.msgs.Pose_V) -> /world/sanitation_test_world/dynamic_pose/info (tf2_msgs/msg/TFMessage)] (Lazy 0)
[parameter_bridge-4] [INFO] [1784100502.008664212] [ros_gz_bridge]: Creating GZ->ROS Bridge: [/world_overview/image (gz.msgs.Image) -> /world_overview/image (sensor_msgs/msg/Image)] (Lazy 0)
[robot_state_publisher-2] [INFO] [1784100502.179000704] [robot_state_publisher]: Robot initialized
[create-3] [INFO] [1784100502.893660850] [ros_gz_sim]: Waiting messages on topic [robot_description].
[create-3] [INFO] [1784100502.905089666] [ros_gz_sim]: Entity creation successful.
[INFO] [create-3]: process has finished cleanly [pid 1629]
[parameter_bridge-4] [INFO] [1784100504.673278792] [ros_gz_bridge]: Passing message from ROS geometry_msgs/msg/Twist to Gazebo gz.msgs.Twist (showing msg only once per type)
[ekf_node-7] [INFO] [1784100528.364429603] [rclcpp]: signal_handler(SIGINT/SIGTERM)
[robot_state_publisher-2] [INFO] [1784100528.364444414] [rclcpp]: signal_handler(SIGINT/SIGTERM)
[static_transform_publisher-6] [INFO] [1784100528.364462406] [rclcpp]: signal_handler(SIGINT/SIGTERM)
[parameter_bridge-4] [INFO] [1784100528.364464389] [rclcpp]: signal_handler(SIGINT/SIGTERM)
[INFO] [gazebo-1]: process has finished cleanly [pid 1627]
[INFO] [parameter_bridge-4]: process has finished cleanly [pid 1630]
[INFO] [static_transform_publisher-6]: process has finished cleanly [pid 1632]
[INFO] [robot_state_publisher-2]: process has finished cleanly [pid 1628]
[INFO] [ekf_node-7]: process has finished cleanly [pid 1633]
[INFO] [velocity_gate-8]: process has finished cleanly [pid 1634]
[INFO] [sanitation_ground_truth_adapter-5]: process has finished cleanly [pid 1631]
